{
  "RSpec": {
    "coverage": {
      "/home/ashish/techcompose/api_udemy/app/controllers/articles_controller.rb": {
        "lines": [
          1,
          1,
          1,
          1,
          null,
          1,
          1,
          1,
          null,
          null,
          null,
          null
        ]
      },
      "/home/ashish/techcompose/api_udemy/app/controllers/application_controller.rb": {
        "lines": [
          1,
          null
        ]
      },
      "/home/ashish/techcompose/api_udemy/app/models/article.rb": {
        "lines": [
          1,
          1,
          1,
          1,
          null
        ]
      },
      "/home/ashish/techcompose/api_udemy/app/models/application_record.rb": {
        "lines": [
          1,
          1,
          null
        ]
      },
      "/home/ashish/techcompose/api_udemy/app/jobs/application_job.rb": {
        "lines": [
          0,
          null,
          null,
          null,
          null,
          null,
          0
        ],
        "branches": {
        }
      },
      "/home/ashish/techcompose/api_udemy/app/mailers/application_mailer.rb": {
        "lines": [
          0,
          0,
          0,
          0
        ],
        "branches": {
        }
      },
      "/home/ashish/techcompose/api_udemy/app/controllers/users_controller.rb": {
        "lines": [
          0,
          0,
          null,
          null,
          0,
          0,
          null,
          0,
          0,
          null,
          null,
          0,
          0,
          0,
          null,
          null,
          0,
          0,
          null,
          0,
          0,
          0,
          0,
          0,
          0,
          null,
          null,
          0,
          0,
          0,
          0,
          0,
          0,
          0,
          null,
          null,
          0,
          0,
          0,
          null,
          0,
          null,
          0,
          0,
          0,
          null,
          null,
          0,
          0,
          0,
          0
        ],
        "branches": {
        }
      },
      "/home/ashish/techcompose/api_udemy/app/models/ashish.rb": {
        "lines": [
          0,
          0,
          0
        ],
        "branches": {
        }
      },
      "/home/ashish/techcompose/api_udemy/app/models/user.rb": {
        "lines": [
          0,
          0
        ],
        "branches": {
        }
      },
      "/home/ashish/techcompose/api_udemy/app/channels/application_cable/connection.rb": {
        "lines": [
          0,
          0,
          0,
          0
        ],
        "branches": {
        }
      },
      "/home/ashish/techcompose/api_udemy/app/channels/application_cable/channel.rb": {
        "lines": [
          0,
          0,
          0,
          0
        ],
        "branches": {
        }
      }
    },
    "timestamp": 1673551528
  }
}
